2026/03/19 11:40:20 enter ditekan, name: alt+ctrl+s
2026/03/19 11:41:21 enter ditekan, name: alt+ctrl+s
2026/03/19 14:36:48 enter ditekan, name: alt+ctrl+s
2026/03/19 17:07:06 a
2026/03/19 17:07:06 w
2026/03/19 17:07:06 d
2026/03/19 17:07:06 a
2026/03/19 17:07:06 d
2026/03/19 17:07:06 w
2026/03/19 17:07:06 backspace
2026/03/19 17:07:06 backspace
2026/03/19 17:07:07 backspace
2026/03/19 17:07:07 backspace
2026/03/19 17:07:07 backspace
2026/03/19 17:07:07 a
2026/03/19 17:07:07 backspace
2026/03/19 17:07:07 backspace
2026/03/19 17:07:08 backspace
2026/03/19 17:07:08 backspace
2026/03/19 17:07:08 a
2026/03/19 17:07:08 w
2026/03/19 17:07:08 d
2026/03/19 17:07:08 a
2026/03/19 17:07:08 w
2026/03/19 17:07:08 d
2026/03/19 17:07:08 a
2026/03/19 17:07:08 w
2026/03/19 17:07:08 d
2026/03/19 17:07:08 a
2026/03/19 17:07:08 w
2026/03/19 23:14:21 a
2026/03/19 23:14:21 w
2026/03/19 23:14:21 d
2026/03/19 23:14:21 w
2026/03/19 23:14:21 a
2026/03/19 23:14:21 d
2026/03/19 23:14:21 a
2026/03/19 23:14:21 w
